<?xml version="1.0" encoding="UTF-8"?>
<testExecutions version="1">
  <file path="C:\Users\ayana\projects\weather-mini-app\fe\src\pages\WeatherForecast\WeatherForecast.test.tsx">
    <testCase name="test weather forecast page should render form on the page" duration="30"/>
    <testCase name="test weather forecast page should fetch and show the details of weather for a city" duration="421"/>
    <testCase name="test weather forecast page should show error screen when api call fails" duration="253"/>
  </file>
  <file path="C:\Users\ayana\projects\weather-mini-app\fe\src\App.test.tsx">
    <testCase name="test weather forecast application should render form on the page" duration="4"/>
  </file>
</testExecutions>