<?xml version="1.0" encoding="UTF-8"?>
<testExecutions version="1">
  <file path="C:\Users\ayana\projects\weather-mini-app\fe\e2e-tests\example.spec.ts">
  </file>
</testExecutions>